{
  "RSpec": {
    "coverage": {
      "/Users/elhamidriss/Desktop/Makers_BnB/Makers_BnB/app.rb": {
        "lines": [
          1,
          1,
          null,
          1,
          1,
          1,
          null,
          null,
          1,
          1,
          null,
          null,
          null,
          null,
          null,
          1,
          null
        ]
      },
      "/Users/elhamidriss/Desktop/Makers_BnB/Makers_BnB/spec/feature/landing_page_spec.rb": {
        "lines": [
          1,
          1,
          1,
          1,
          null,
          null
        ]
      },
      "/Users/elhamidriss/Desktop/Makers_BnB/Makers_BnB/spec/feature/view_properties_spec.rb": {
        "lines": [
          1,
          1,
          1,
          null,
          1,
          1,
          1,
          1,
          null,
          null
        ]
      }
    },
    "timestamp": 1649172392
  }
}
