{
  "RSpec": {
    "coverage": {
      "/Users/eleanorchamberlain-stoltzfus/Projects/Makers_BnB/app.rb": {
        "lines": [
          1,
          1,
          1,
          null,
          1,
          null,
          1,
          null,
          1,
          1,
          null,
          null,
          1,
          5,
          5,
          null,
          null,
          1,
          1,
          null,
          null,
          1,
          1,
          1,
          null,
          null,
          1,
          0,
          0,
          null,
          null,
          1,
          null
        ]
      },
      "/Users/eleanorchamberlain-stoltzfus/Projects/Makers_BnB/lib/Property.rb": {
        "lines": [
          1,
          null,
          1,
          null,
          1,
          null,
          1,
          7,
          7,
          7,
          7,
          7,
          null,
          null,
          1,
          15,
          15,
          null,
          0,
          null,
          null,
          null,
          null,
          1,
          7,
          null,
          7,
          null,
          null,
          1,
          7,
          null,
          7,
          7,
          null,
          null,
          1,
          1,
          null,
          1,
          null,
          null
        ]
      },
      "/Users/eleanorchamberlain-stoltzfus/Projects/Makers_BnB/spec/Property_spec.rb": {
        "lines": [
          1,
          1,
          null,
          1,
          1,
          1,
          1,
          null,
          1,
          1,
          null,
          1,
          null,
          1,
          0,
          0,
          0,
          0,
          null,
          null,
          null,
          null,
          1,
          1,
          1,
          1,
          null,
          1,
          1,
          1,
          1,
          1,
          1,
          null,
          null,
          null,
          1,
          1,
          1,
          1,
          1,
          null,
          1,
          null,
          null
        ]
      },
      "/Users/eleanorchamberlain-stoltzfus/Projects/Makers_BnB/spec/database_helpers.rb": {
        "lines": [
          1,
          null,
          1,
          1,
          1,
          1,
          null
        ]
      },
      "/Users/eleanorchamberlain-stoltzfus/Projects/Makers_BnB/spec/features/add_property_spec.rb": {
        "lines": [
          1,
          null,
          1,
          1,
          1,
          null,
          1,
          null,
          1,
          null,
          1,
          1,
          1,
          1,
          null,
          null
        ]
      },
      "/Users/eleanorchamberlain-stoltzfus/Projects/Makers_BnB/spec/features/booking_confirmation_button_spec.rb": {
        "lines": [
          1,
          1,
          1,
          1,
          0,
          0,
          null,
          null
        ]
      },
      "/Users/eleanorchamberlain-stoltzfus/Projects/Makers_BnB/spec/features/delete_property_spec.rb": {
        "lines": [
          1,
          1,
          1,
          null,
          1,
          1,
          1,
          1,
          1,
          null,
          1,
          1,
          0,
          0,
          0,
          0,
          null,
          null,
          null
        ]
      },
      "/Users/eleanorchamberlain-stoltzfus/Projects/Makers_BnB/spec/features/landing_page_spec.rb": {
        "lines": [
          1,
          1,
          1,
          1,
          null,
          null
        ]
      },
      "/Users/eleanorchamberlain-stoltzfus/Projects/Makers_BnB/spec/features/view_properties_spec.rb": {
        "lines": [
          1,
          1,
          null,
          1,
          null,
          1,
          null,
          1,
          null,
          1,
          1,
          1,
          1,
          null,
          null
        ]
      }
    },
    "timestamp": 1649254925
  }
}
